<?xml version="1.0" encoding="UTF-8"?>
<!-- Generated by org.testng.reporters.JUnitReportReporter -->
<testsuite hostname="Shyam-Air" failures="0" tests="2" name="test.TestClass" time="0.021" errors="0" timestamp="2024-09-26T21:40:09 CEST" skipped="0">
  <testcase classname="test.TestClass" name="demo3" time="0.017"/>
  <system-out/>
  <testcase classname="test.TestClass" name="demo5" time="0.004"/>
  <system-out/>
</testsuite> <!-- test.TestClass -->
